2020-10-26 14:12:31,843; DEBUG; new test message for log
2020-10-26 14:19:45,946; DEBUG; new test message for log
2020-10-26 14:20:13,829; DEBUG; new test message for log
2020-10-26 14:20:29,695; DEBUG; new test message for log
2020-10-26 14:20:37,681; DEBUG; new test message for log
2020-10-26 14:24:09,259; DEBUG; new test message for log
2020-10-26 15:29:25,949; DEBUG; new test message for log
2020-10-26 15:29:37,622; DEBUG; new test message for log
2020-10-26 15:30:06,602; DEBUG; new test message for log
2020-10-26 15:32:31,854; DEBUG; new test message for log
2020-10-26 15:32:45,334; DEBUG; new test message for log
2020-10-26 15:33:09,736; DEBUG; new test message for log
2020-10-26 15:42:15,881; DEBUG; new test message for log
2020-10-26 15:43:01,234; DEBUG; new test message for log
2020-10-26 15:52:23,910; DEBUG; new test message for log
2020-10-26 15:52:44,299; DEBUG; new test message for log
2020-10-26 15:53:06,680; DEBUG; new test message for log
2020-10-26 15:53:27,122; DEBUG; new test message for log
2020-10-26 15:54:04,713; DEBUG; new test message for log
2020-10-26 15:56:26,103; DEBUG; new test message for log
2020-10-26 15:56:29,788; DEBUG; new test message for log
2020-10-26 15:57:18,296; DEBUG; new test message for log
2020-10-26 15:57:41,207; DEBUG; new test message for log
2020-10-26 15:58:36,026; DEBUG; new test message for log
2020-10-26 15:58:51,195; DEBUG; new test message for log
2020-10-26 15:59:10,251; DEBUG; new test message for log
2020-10-26 16:00:22,204; DEBUG; new test message for log
2020-10-26 16:01:35,844; DEBUG; new test message for log
2020-10-26 16:02:15,763; DEBUG; new test message for log
2020-10-26 16:02:30,173; DEBUG; new test message for log
2020-10-26 16:02:49,977; DEBUG; new test message for log
2020-10-26 16:03:02,704; DEBUG; new test message for log
2020-10-26 16:03:18,858; DEBUG; new test message for log
2020-10-26 16:03:37,347; DEBUG; new test message for log
2020-10-26 16:03:49,762; DEBUG; new test message for log
2020-10-26 16:19:19,616; DEBUG; new test message for log
2020-10-26 16:19:41,473; DEBUG; new test message for log
2020-10-26 16:21:23,092; DEBUG; new test message for log
2020-10-26 16:22:03,342; DEBUG; new test message for log
2020-10-26 16:26:39,601; DEBUG; new test message for log
2020-10-26 16:58:59,306; DEBUG; new test message for log
2020-10-26 16:59:16,031; DEBUG; another test message for log
2020-10-26 16:59:40,402; DEBUG; another test message for log
2020-10-26 17:00:05,346; DEBUG; another 2 test message for log
2020-10-26 17:00:44,445; DEBUG; another aaatest message for log
2020-10-26 17:04:17,343; DEBUG; another test message for log
2020-10-26 17:05:07,296; DEBUG; another test message for log
2020-10-26 17:06:03,888; DEBUG; another test message for log
2020-10-26 17:06:50,277; DEBUG; another test message for log
2020-10-26 17:07:57,788; DEBUG; another test message for log
2020-10-26 17:11:23,124; DEBUG; another test message for log
2020-10-26 17:12:50,235; DEBUG; another test message for log...
2020-10-27 10:06:07,090; DEBUG; another test message for log
2020-10-27 10:10:00,681; DEBUG; another test message for log
2020-10-27 10:10:11,500; DEBUG; another test message for log
2020-10-27 16:49:02,099; DEBUG; another test message for log
2020-10-27 17:11:57,721; DEBUG; another test message for log
2020-10-27 17:12:31,248; DEBUG; another test message for log
2020-11-16 08:44:26,448; DEBUG; another test message for log
2020-11-16 08:46:30,954; DEBUG; another test message for log
2020-11-16 08:49:57,815; DEBUG; another test message for log
2020-11-16 08:51:06,708; DEBUG; another test message for log
